<?xml version="1.0" encoding="UTF-8"?>
<!-- Generated by org.testng.reporters.JUnitReportReporter -->
<testsuite hostname="Smartpoints-iMac.local" failures="0" tests="1" name="iosdemo.Log4jDemo" time="0.017" errors="0" timestamp="2021-09-23T16:33:11 PDT" skipped="0">
  <testcase classname="iosdemo.Log4jDemo" name="Log4j" time="0.017"/>
  <system-out/>
</testsuite> <!-- iosdemo.Log4jDemo -->
