<?xml version="1.0" encoding="UTF-8"?>
<!-- Generated by org.testng.reporters.JUnitReportReporter -->
<testsuite hostname="Smartpoints-iMac.local" failures="0" tests="1" name="iosdemo.Zelenium_test" time="34.662" errors="0" timestamp="2021-09-30T18:49:45 PDT" skipped="0">
  <testcase classname="iosdemo.Zelenium_test" name="readExcelandexecute" time="34.662"/>
  <system-out/>
</testsuite> <!-- iosdemo.Zelenium_test -->
