<?xml version="1.0" encoding="UTF-8"?>
<!-- Generated by org.testng.reporters.JUnitReportReporter -->
<testsuite hostname="Smartpoints-iMac.local" failures="0" tests="1" name="componentHelper.makeDir" time="0.026" errors="0" timestamp="2021-09-09T12:54:50 PDT" skipped="0">
  <testcase classname="componentHelper.makeDir" name="makeDirectory" time="0.026"/>
  <system-out/>
</testsuite> <!-- componentHelper.makeDir -->
