<?xml version="1.0" encoding="UTF-8"?>
<!-- Generated by org.testng.reporters.JUnitReportReporter -->
<testsuite hostname="Smartpoints-iMac.local" failures="0" tests="1" name="iosdemo.BrowserStack_iOS" time="26.274" errors="0" timestamp="2021-07-27T01:53:41 PDT" skipped="0">
  <testcase classname="iosdemo.BrowserStack_iOS" name="test1" time="26.274"/>
  <system-out/>
</testsuite> <!-- iosdemo.BrowserStack_iOS -->
