<?xml version="1.0" encoding="UTF-8"?>
<!-- Generated by org.testng.reporters.JUnitReportReporter -->
<testsuite hostname="Smartpoints-iMac.local" failures="0" tests="1" name="iosdemo.Pcloud" time="69.623" errors="0" timestamp="2021-07-31T10:01:55 PDT" skipped="0">
  <testcase classname="iosdemo.Pcloud" name="test1" time="69.623"/>
  <system-out/>
</testsuite> <!-- iosdemo.Pcloud -->
