<?xml version="1.0" encoding="UTF-8"?>
<!-- Generated by org.testng.reporters.JUnitReportReporter -->
<testsuite hostname="Smartpoints-iMac.local" failures="0" tests="1" name="iosdemo.BrowserStack" time="39.271" errors="0" timestamp="2021-07-26T10:30:13 PDT" skipped="0">
  <testcase classname="iosdemo.BrowserStack" name="test1" time="39.271"/>
  <system-out/>
</testsuite> <!-- iosdemo.BrowserStack -->
