<?xml version="1.0" encoding="UTF-8"?>
<!-- Generated by org.testng.reporters.JUnitReportReporter -->
<testsuite hostname="Smartpoints-iMac.local" failures="0" tests="1" name="iosdemo.DemoTest" time="46.152" errors="0" timestamp="2021-07-26T10:13:17 PDT" skipped="0">
  <testcase classname="iosdemo.DemoTest" name="browserTest" time="46.152"/>
  <system-out/>
</testsuite> <!-- iosdemo.DemoTest -->
