<?xml version="1.0" encoding="UTF-8"?>
<!-- Generated by org.testng.reporters.JUnitReportReporter -->
<testsuite hostname="Smartpoints-iMac.local" failures="0" tests="1" name="iosdemo.kobiton" time="0.012" errors="0" timestamp="2021-08-29T00:30:57 PDT" skipped="0">
  <testcase classname="iosdemo.kobiton" name="kobiton_auto" time="0.012"/>
  <system-out/>
</testsuite> <!-- iosdemo.kobiton -->
